<?xml version="1.0" encoding="utf-8"?><testsuites><testsuite name="pytest" errors="0" failures="0" skipped="0" tests="12" time="0.062" timestamp="2022-03-29T17:04:31.882794" hostname="DESKTOP-3KVSK4G"><testcase classname="test_m" name="test_add[3-2-5]" time="0.002" /><testcase classname="test_m" name="test_add[1-5-6]" time="0.001" /><testcase classname="test_m" name="test_add[5-7-12]" time="0.001" /><testcase classname="test_m" name="test_sub[3-2-1]" time="0.001" /><testcase classname="test_m" name="test_sub[1-5--4]" time="0.001" /><testcase classname="test_m" name="test_sub[5-7--2]" time="0.001" /><testcase classname="test_m" name="test_mul[3-2-6]" time="0.001" /><testcase classname="test_m" name="test_mul[1-5-5]" time="0.002" /><testcase classname="test_m" name="test_mul[5-7-35]" time="0.001" /><testcase classname="test_m" name="test_div[4-2-2]" time="0.001" /><testcase classname="test_m" name="test_div[10-5-2]" time="0.001" /><testcase classname="test_m" name="test_div[15-3-5]" time="0.001" /></testsuite></testsuites>